<?xml version="1.0" encoding="UTF-8"?>
<!-- Generated by org.testng.reporters.JUnitReportReporter -->
<testsuite hostname="vishal" failures="0" tests="1" name="vtiger.lead_module.ToCreateALeadTest" time="51.576" errors="0" timestamp="08 Mar 2024 13:38:31 GMT" skipped="0">
  <testcase classname="vtiger.lead_module.ToCreateALeadTest" name="toCreateALeadAndToVerifyTheLeadInfo" time="51.576"/>
</testsuite> <!-- vtiger.lead_module.ToCreateALeadTest -->
